2025-01-05T14:55:05.308Z [info]: [37m[42mConnection established with ac-inopvru-shard-00-02.mm92f02.mongodb.net[49m[39m
2025-01-07T08:36:14.985Z [info]: [37m[42mConnection established with ac-inopvru-shard-00-02.mm92f02.mongodb.net[49m[39m
2025-01-18T06:52:37.370Z [info]: [37m[42mConnection established with ac-inopvru-shard-00-01.mm92f02.mongodb.net[49m[39m
2025-01-18T07:00:09.042Z [info]: [37m[42mConnection established with ac-inopvru-shard-00-00.mm92f02.mongodb.net[49m[39m
2025-01-18T07:00:23.245Z [info]: [37m[42mConnection established with ac-inopvru-shard-00-00.mm92f02.mongodb.net[49m[39m
2025-01-18T07:00:35.523Z [info]: [37m[42mConnection established with ac-inopvru-shard-00-00.mm92f02.mongodb.net[49m[39m
2025-01-18T07:00:51.628Z [error]: Client must be connected before running operations
2025-01-18T07:00:54.273Z [info]: Email sent:
2025-01-18T07:01:39.619Z [error]: Client must be connected before running operations
2025-01-18T07:01:41.997Z [info]: Email sent:
2025-01-18T07:01:52.097Z [info]: [37m[42mConnection established with ac-inopvru-shard-00-00.mm92f02.mongodb.net[49m[39m
2025-01-18T07:01:58.531Z [error]: Client must be connected before running operations
2025-01-18T07:01:58.580Z [error]: Client must be connected before running operations
2025-01-18T07:01:58.588Z [error]: Client must be connected before running operations
2025-01-18T07:01:58.610Z [error]: Client must be connected before running operations
2025-01-18T07:02:01.204Z [info]: Email sent:
2025-01-18T07:02:02.209Z [info]: Email sent:
2025-01-18T07:02:02.567Z [info]: Email sent:
2025-01-18T07:02:03.467Z [info]: Email sent:
2025-01-18T07:02:40.245Z [info]: [37m[42mConnection established with ac-inopvru-shard-00-00.mm92f02.mongodb.net[49m[39m
2025-01-18T07:02:56.482Z [error]: Client must be connected before running operations
2025-01-18T07:02:56.511Z [error]: Client must be connected before running operations
2025-01-18T07:02:56.554Z [error]: Client must be connected before running operations
2025-01-18T07:02:56.594Z [error]: Client must be connected before running operations
2025-01-18T07:02:59.040Z [info]: Email sent:
2025-01-18T07:02:59.468Z [info]: Email sent:
2025-01-18T07:02:59.950Z [info]: Email sent:
2025-01-18T07:03:00.434Z [info]: Email sent:
2025-01-18T07:04:04.643Z [error]: Client must be connected before running operations
2025-01-18T07:04:07.225Z [info]: Email sent:
2025-01-18T07:04:55.377Z [info]: [37m[42mConnection established with ac-inopvru-shard-00-00.mm92f02.mongodb.net[49m[39m
2025-01-18T07:05:05.458Z [info]: [37m[42mConnection established with ac-inopvru-shard-00-00.mm92f02.mongodb.net[49m[39m
2025-01-18T08:11:56.209Z [info]: [37m[42mConnection established with cluster0-shard-00-02.bmb9e.mongodb.net[49m[39m
2025-01-18T08:12:39.001Z [info]: [37m[42mConnection established with cluster0-shard-00-02.bmb9e.mongodb.net[49m[39m
2025-01-18T08:17:06.766Z [error]: read ETIMEDOUT
2025-01-18T08:17:10.023Z [info]: Email sent:
2025-01-18T08:22:57.135Z [error]: read ETIMEDOUT
2025-01-18T08:22:59.616Z [info]: Email sent:
2025-01-18T08:35:36.615Z [info]: [37m[42mConnection established with cluster0-shard-00-00.bmb9e.mongodb.net[49m[39m
2025-01-18T09:01:47.170Z [error]: Socket 'secureConnect' timed out after 30000ms (connectTimeoutMS: 30000)
2025-01-18T09:19:33.708Z [error]: Error sending email: getaddrinfo ENOTFOUND smtp.gmail.com
2025-01-18T09:19:33.720Z [error]: Error sending email: getaddrinfo ENOTFOUND smtp.gmail.com
2025-01-18T09:19:33.725Z [error]: Error sending email: getaddrinfo ENOTFOUND smtp.gmail.com
2025-01-18T09:19:33.733Z [error]: Error sending email: getaddrinfo ENOTFOUND smtp.gmail.com
2025-01-18T09:19:33.739Z [error]: Error sending email: getaddrinfo ENOTFOUND smtp.gmail.com
2025-01-18T09:19:33.744Z [error]: Error sending email: getaddrinfo ENOTFOUND smtp.gmail.com
2025-01-18T09:19:33.748Z [error]: Error sending email: getaddrinfo ENOTFOUND smtp.gmail.com
2025-01-18T09:19:33.753Z [error]: Error sending email: getaddrinfo ENOTFOUND smtp.gmail.com
2025-01-18T09:19:33.758Z [error]: Error sending email: getaddrinfo ENOTFOUND smtp.gmail.com
2025-01-18T09:19:33.762Z [error]: Error sending email: getaddrinfo ENOTFOUND smtp.gmail.com
2025-01-18T09:19:33.771Z [error]: Error sending email: getaddrinfo ENOTFOUND smtp.gmail.com
2025-01-18T09:19:33.776Z [error]: Error sending email: getaddrinfo ENOTFOUND smtp.gmail.com
2025-01-18T09:19:33.782Z [error]: Error sending email: getaddrinfo ENOTFOUND smtp.gmail.com
2025-01-18T09:19:33.788Z [error]: Error sending email: getaddrinfo ENOTFOUND smtp.gmail.com
2025-01-18T09:19:33.792Z [error]: Error sending email: getaddrinfo ENOTFOUND smtp.gmail.com
2025-01-18T09:19:33.796Z [error]: Error sending email: getaddrinfo ENOTFOUND smtp.gmail.com
2025-01-18T09:19:33.800Z [error]: Error sending email: getaddrinfo ENOTFOUND smtp.gmail.com
2025-01-18T09:19:33.805Z [error]: Error sending email: getaddrinfo ENOTFOUND smtp.gmail.com
2025-01-18T09:19:33.809Z [error]: Error sending email: getaddrinfo ENOTFOUND smtp.gmail.com
2025-01-18T09:19:33.813Z [error]: Error sending email: getaddrinfo ENOTFOUND smtp.gmail.com
2025-01-18T09:19:33.817Z [error]: Error sending email: getaddrinfo ENOTFOUND smtp.gmail.com
2025-01-18T09:19:33.821Z [error]: Error sending email: getaddrinfo ENOTFOUND smtp.gmail.com
2025-01-18T09:19:33.825Z [error]: Error sending email: getaddrinfo ENOTFOUND smtp.gmail.com
2025-01-18T09:19:33.829Z [error]: Error sending email: getaddrinfo ENOTFOUND smtp.gmail.com
2025-01-18T09:19:33.833Z [error]: Error sending email: getaddrinfo ENOTFOUND smtp.gmail.com
2025-01-18T09:19:33.837Z [error]: Error sending email: getaddrinfo ENOTFOUND smtp.gmail.com
2025-01-18T09:19:33.841Z [error]: Error sending email: getaddrinfo ENOTFOUND smtp.gmail.com
2025-01-18T09:19:33.846Z [error]: Error sending email: getaddrinfo ENOTFOUND smtp.gmail.com
2025-01-18T09:19:33.852Z [error]: Error sending email: getaddrinfo ENOTFOUND smtp.gmail.com
2025-01-18T09:19:33.855Z [error]: Error sending email: getaddrinfo ENOTFOUND smtp.gmail.com
2025-01-18T09:19:33.859Z [error]: Error sending email: getaddrinfo ENOTFOUND smtp.gmail.com
2025-01-18T09:19:33.863Z [error]: Error sending email: getaddrinfo ENOTFOUND smtp.gmail.com
2025-01-18T09:19:33.867Z [error]: Error sending email: getaddrinfo ENOTFOUND smtp.gmail.com
2025-01-18T09:19:33.871Z [error]: Error sending email: getaddrinfo ENOTFOUND smtp.gmail.com
2025-01-18T09:19:33.875Z [error]: Error sending email: getaddrinfo ENOTFOUND smtp.gmail.com
2025-01-18T09:19:33.878Z [error]: Error sending email: getaddrinfo ENOTFOUND smtp.gmail.com
2025-01-18T09:19:33.882Z [error]: Error sending email: getaddrinfo ENOTFOUND smtp.gmail.com
2025-01-18T09:19:33.886Z [error]: Error sending email: getaddrinfo ENOTFOUND smtp.gmail.com
2025-01-18T09:19:33.890Z [error]: Error sending email: getaddrinfo ENOTFOUND smtp.gmail.com
2025-01-18T09:19:33.897Z [error]: Error sending email: getaddrinfo ENOTFOUND smtp.gmail.com
2025-01-18T09:19:33.901Z [error]: Error sending email: getaddrinfo ENOTFOUND smtp.gmail.com
2025-01-18T09:19:33.905Z [error]: Error sending email: getaddrinfo ENOTFOUND smtp.gmail.com
2025-01-18T09:19:33.908Z [error]: Error sending email: getaddrinfo ENOTFOUND smtp.gmail.com
2025-01-18T09:19:33.913Z [error]: Error sending email: getaddrinfo ENOTFOUND smtp.gmail.com
2025-01-18T09:19:33.918Z [error]: Error sending email: getaddrinfo ENOTFOUND smtp.gmail.com
2025-01-18T09:19:33.923Z [error]: Error sending email: getaddrinfo ENOTFOUND smtp.gmail.com
2025-01-18T09:19:33.927Z [error]: Error sending email: getaddrinfo ENOTFOUND smtp.gmail.com
2025-01-18T09:19:33.931Z [error]: Error sending email: getaddrinfo ENOTFOUND smtp.gmail.com
2025-01-18T09:19:33.935Z [error]: Error sending email: getaddrinfo ENOTFOUND smtp.gmail.com
2025-01-18T09:19:33.939Z [error]: Error sending email: getaddrinfo ENOTFOUND smtp.gmail.com
2025-01-18T09:19:33.943Z [error]: Error sending email: getaddrinfo ENOTFOUND smtp.gmail.com
2025-01-18T09:19:33.947Z [error]: Error sending email: getaddrinfo ENOTFOUND smtp.gmail.com
2025-01-18T09:19:33.951Z [error]: Error sending email: getaddrinfo ENOTFOUND smtp.gmail.com
2025-01-18T09:19:33.955Z [error]: Error sending email: getaddrinfo ENOTFOUND smtp.gmail.com
2025-01-18T09:19:33.959Z [error]: Error sending email: getaddrinfo ENOTFOUND smtp.gmail.com
2025-01-18T09:19:33.963Z [error]: Error sending email: getaddrinfo ENOTFOUND smtp.gmail.com
2025-01-18T09:19:33.966Z [error]: Error sending email: getaddrinfo ENOTFOUND smtp.gmail.com
2025-01-18T09:19:33.970Z [error]: Error sending email: getaddrinfo ENOTFOUND smtp.gmail.com
2025-01-18T09:19:33.974Z [error]: Error sending email: getaddrinfo ENOTFOUND smtp.gmail.com
2025-01-18T09:19:33.979Z [error]: Error sending email: getaddrinfo ENOTFOUND smtp.gmail.com
2025-01-18T09:19:33.983Z [error]: Error sending email: getaddrinfo ENOTFOUND smtp.gmail.com
2025-01-18T09:19:33.987Z [error]: Error sending email: getaddrinfo ENOTFOUND smtp.gmail.com
2025-01-18T09:19:33.990Z [error]: Error sending email: getaddrinfo ENOTFOUND smtp.gmail.com
2025-01-18T09:19:33.994Z [error]: Error sending email: getaddrinfo ENOTFOUND smtp.gmail.com
2025-01-18T09:19:33.997Z [error]: Error sending email: getaddrinfo ENOTFOUND smtp.gmail.com
2025-01-18T09:19:34.000Z [error]: Error sending email: getaddrinfo ENOTFOUND smtp.gmail.com
2025-01-18T09:19:34.003Z [error]: Error sending email: getaddrinfo ENOTFOUND smtp.gmail.com
2025-01-18T09:19:34.007Z [error]: Error sending email: getaddrinfo ENOTFOUND smtp.gmail.com
2025-01-18T09:19:34.010Z [error]: Error sending email: getaddrinfo ENOTFOUND smtp.gmail.com
2025-01-18T09:19:34.014Z [error]: Error sending email: getaddrinfo ENOTFOUND smtp.gmail.com
2025-01-18T09:19:34.017Z [error]: Error sending email: getaddrinfo ENOTFOUND smtp.gmail.com
2025-01-18T09:19:34.021Z [error]: Error sending email: getaddrinfo ENOTFOUND smtp.gmail.com
2025-01-18T09:19:34.025Z [error]: Error sending email: getaddrinfo ENOTFOUND smtp.gmail.com
2025-01-18T09:19:34.028Z [error]: Error sending email: getaddrinfo ENOTFOUND smtp.gmail.com
2025-01-18T09:19:34.031Z [error]: Error sending email: getaddrinfo ENOTFOUND smtp.gmail.com
2025-01-18T09:19:34.036Z [error]: Error sending email: getaddrinfo ENOTFOUND smtp.gmail.com
2025-01-18T09:19:34.039Z [error]: Error sending email: getaddrinfo ENOTFOUND smtp.gmail.com
2025-01-18T09:19:34.042Z [error]: Error sending email: getaddrinfo ENOTFOUND smtp.gmail.com
2025-01-18T09:19:34.045Z [error]: Error sending email: getaddrinfo ENOTFOUND smtp.gmail.com
2025-01-18T09:19:34.050Z [error]: Error sending email: getaddrinfo ENOTFOUND smtp.gmail.com
2025-01-18T09:19:34.054Z [error]: Error sending email: getaddrinfo ENOTFOUND smtp.gmail.com
2025-01-18T09:19:34.058Z [error]: Error sending email: getaddrinfo ENOTFOUND smtp.gmail.com
2025-01-18T09:19:34.062Z [error]: Error sending email: getaddrinfo ENOTFOUND smtp.gmail.com
2025-01-18T09:19:34.065Z [error]: Error sending email: getaddrinfo ENOTFOUND smtp.gmail.com
2025-01-18T09:19:34.068Z [error]: Error sending email: getaddrinfo ENOTFOUND smtp.gmail.com
2025-01-18T09:19:34.072Z [error]: Error sending email: getaddrinfo ENOTFOUND smtp.gmail.com
2025-01-18T09:19:34.074Z [error]: Error sending email: getaddrinfo ENOTFOUND smtp.gmail.com
2025-01-18T09:19:34.078Z [error]: Error sending email: getaddrinfo ENOTFOUND smtp.gmail.com
2025-01-18T09:19:34.081Z [error]: Error sending email: getaddrinfo ENOTFOUND smtp.gmail.com
2025-01-18T09:19:34.084Z [error]: Error sending email: getaddrinfo ENOTFOUND smtp.gmail.com
2025-01-18T09:19:34.087Z [error]: Error sending email: getaddrinfo ENOTFOUND smtp.gmail.com
2025-01-18T09:19:34.091Z [error]: Error sending email: getaddrinfo ENOTFOUND smtp.gmail.com
2025-01-18T09:19:34.094Z [error]: Error sending email: getaddrinfo ENOTFOUND smtp.gmail.com
2025-01-18T09:19:34.096Z [error]: Error sending email: getaddrinfo ENOTFOUND smtp.gmail.com
2025-01-18T09:19:34.099Z [error]: Error sending email: getaddrinfo ENOTFOUND smtp.gmail.com
2025-01-18T09:19:34.102Z [error]: Error sending email: getaddrinfo ENOTFOUND smtp.gmail.com
2025-01-18T09:19:34.104Z [error]: Error sending email: getaddrinfo ENOTFOUND smtp.gmail.com
2025-01-18T09:19:34.107Z [error]: Error sending email: getaddrinfo ENOTFOUND smtp.gmail.com
2025-01-18T09:19:34.110Z [error]: Error sending email: getaddrinfo ENOTFOUND smtp.gmail.com
2025-01-18T09:19:34.113Z [error]: Error sending email: getaddrinfo ENOTFOUND smtp.gmail.com
2025-01-18T09:19:34.115Z [error]: Error sending email: getaddrinfo ENOTFOUND smtp.gmail.com
2025-01-18T09:19:34.118Z [error]: Error sending email: getaddrinfo ENOTFOUND smtp.gmail.com
2025-01-18T09:19:34.121Z [error]: Error sending email: getaddrinfo ENOTFOUND smtp.gmail.com
2025-01-18T09:19:34.123Z [error]: Error sending email: getaddrinfo ENOTFOUND smtp.gmail.com
2025-01-18T09:19:34.126Z [error]: Error sending email: getaddrinfo ENOTFOUND smtp.gmail.com
2025-01-18T09:19:34.128Z [error]: Error sending email: getaddrinfo ENOTFOUND smtp.gmail.com
2025-01-18T09:19:34.132Z [error]: Error sending email: getaddrinfo ENOTFOUND smtp.gmail.com
2025-01-18T09:19:34.136Z [error]: Error sending email: getaddrinfo ENOTFOUND smtp.gmail.com
2025-01-18T09:19:34.139Z [error]: Error sending email: getaddrinfo ENOTFOUND smtp.gmail.com
2025-01-18T09:19:34.142Z [error]: Error sending email: getaddrinfo ENOTFOUND smtp.gmail.com
2025-01-18T09:19:34.145Z [error]: Error sending email: getaddrinfo ENOTFOUND smtp.gmail.com
2025-01-18T09:19:34.148Z [error]: Error sending email: getaddrinfo ENOTFOUND smtp.gmail.com
2025-01-18T09:19:34.151Z [error]: Error sending email: getaddrinfo ENOTFOUND smtp.gmail.com
2025-01-18T09:19:34.153Z [error]: Error sending email: getaddrinfo ENOTFOUND smtp.gmail.com
2025-01-18T09:19:34.156Z [error]: Error sending email: getaddrinfo ENOTFOUND smtp.gmail.com
2025-01-18T09:19:34.159Z [error]: Error sending email: getaddrinfo ENOTFOUND smtp.gmail.com
2025-01-18T09:19:34.162Z [error]: Error sending email: getaddrinfo ENOTFOUND smtp.gmail.com
2025-01-18T09:19:34.165Z [error]: Error sending email: getaddrinfo ENOTFOUND smtp.gmail.com
2025-01-18T09:19:34.168Z [error]: Error sending email: getaddrinfo ENOTFOUND smtp.gmail.com
2025-01-18T09:19:34.170Z [error]: Error sending email: getaddrinfo ENOTFOUND smtp.gmail.com
2025-01-18T09:19:34.173Z [error]: Error sending email: getaddrinfo ENOTFOUND smtp.gmail.com
2025-01-18T09:19:34.176Z [error]: Error sending email: getaddrinfo ENOTFOUND smtp.gmail.com
2025-01-18T09:19:34.180Z [error]: Error sending email: getaddrinfo ENOTFOUND smtp.gmail.com
2025-01-18T09:19:34.182Z [error]: Error sending email: getaddrinfo ENOTFOUND smtp.gmail.com
2025-01-18T09:19:34.185Z [error]: Error sending email: getaddrinfo ENOTFOUND smtp.gmail.com
2025-01-18T09:19:34.188Z [error]: Error sending email: getaddrinfo ENOTFOUND smtp.gmail.com
2025-01-18T09:19:34.191Z [error]: Error sending email: getaddrinfo ENOTFOUND smtp.gmail.com
2025-01-18T09:19:34.193Z [error]: Error sending email: getaddrinfo ENOTFOUND smtp.gmail.com
2025-01-18T09:19:34.196Z [error]: Error sending email: getaddrinfo ENOTFOUND smtp.gmail.com
2025-01-18T09:19:34.198Z [error]: Error sending email: getaddrinfo ENOTFOUND smtp.gmail.com
2025-01-18T09:19:34.201Z [error]: Error sending email: getaddrinfo ENOTFOUND smtp.gmail.com
2025-01-18T09:19:34.204Z [error]: Error sending email: getaddrinfo ENOTFOUND smtp.gmail.com
2025-01-18T09:19:34.206Z [error]: Error sending email: getaddrinfo ENOTFOUND smtp.gmail.com
2025-01-18T09:19:34.209Z [error]: Error sending email: getaddrinfo ENOTFOUND smtp.gmail.com
2025-01-18T09:19:34.212Z [error]: Error sending email: getaddrinfo ENOTFOUND smtp.gmail.com
2025-01-18T09:19:34.215Z [error]: Error sending email: getaddrinfo ENOTFOUND smtp.gmail.com
2025-01-18T09:19:34.217Z [error]: Error sending email: getaddrinfo ENOTFOUND smtp.gmail.com
2025-01-18T09:19:34.222Z [error]: Error sending email: getaddrinfo ENOTFOUND smtp.gmail.com
2025-01-18T09:19:34.226Z [error]: Error sending email: getaddrinfo ENOTFOUND smtp.gmail.com
2025-01-18T09:19:34.229Z [error]: Error sending email: getaddrinfo ENOTFOUND smtp.gmail.com
2025-01-18T09:19:34.233Z [error]: Error sending email: getaddrinfo ENOTFOUND smtp.gmail.com
2025-01-18T09:19:34.236Z [error]: Error sending email: getaddrinfo ENOTFOUND smtp.gmail.com
2025-01-18T09:19:34.239Z [error]: Error sending email: getaddrinfo ENOTFOUND smtp.gmail.com
2025-01-18T09:19:34.242Z [error]: Error sending email: getaddrinfo ENOTFOUND smtp.gmail.com
2025-01-18T09:19:34.245Z [error]: Error sending email: getaddrinfo ENOTFOUND smtp.gmail.com
2025-01-18T09:19:34.248Z [error]: Error sending email: getaddrinfo ENOTFOUND smtp.gmail.com
2025-01-18T09:19:34.251Z [error]: Error sending email: getaddrinfo ENOTFOUND smtp.gmail.com
2025-01-18T09:19:34.254Z [error]: Error sending email: getaddrinfo ENOTFOUND smtp.gmail.com
2025-01-18T09:19:34.261Z [error]: Error sending email: getaddrinfo ENOTFOUND smtp.gmail.com
2025-01-18T09:19:34.263Z [error]: Error sending email: getaddrinfo ENOTFOUND smtp.gmail.com
2025-01-18T09:19:34.266Z [error]: Error sending email: getaddrinfo ENOTFOUND smtp.gmail.com
2025-01-18T09:19:34.269Z [error]: Error sending email: getaddrinfo ENOTFOUND smtp.gmail.com
2025-01-18T09:19:34.272Z [error]: Error sending email: getaddrinfo ENOTFOUND smtp.gmail.com
2025-01-18T09:19:34.275Z [error]: Error sending email: getaddrinfo ENOTFOUND smtp.gmail.com
2025-01-18T09:19:34.278Z [error]: Error sending email: getaddrinfo ENOTFOUND smtp.gmail.com
2025-01-18T09:19:34.281Z [error]: Error sending email: getaddrinfo ENOTFOUND smtp.gmail.com
2025-01-18T09:19:34.283Z [error]: Error sending email: getaddrinfo ENOTFOUND smtp.gmail.com
2025-01-18T09:19:34.286Z [error]: Error sending email: getaddrinfo ENOTFOUND smtp.gmail.com
2025-01-18T09:19:34.289Z [error]: Error sending email: getaddrinfo ENOTFOUND smtp.gmail.com
2025-01-18T09:19:34.292Z [error]: Error sending email: getaddrinfo ENOTFOUND smtp.gmail.com
2025-01-18T09:19:34.295Z [error]: Error sending email: getaddrinfo ENOTFOUND smtp.gmail.com
2025-01-18T09:19:34.299Z [error]: Error sending email: getaddrinfo ENOTFOUND smtp.gmail.com
2025-01-18T09:19:34.303Z [error]: Error sending email: getaddrinfo ENOTFOUND smtp.gmail.com
2025-01-18T09:19:34.307Z [error]: Error sending email: getaddrinfo ENOTFOUND smtp.gmail.com
2025-01-18T09:19:34.312Z [error]: Error sending email: getaddrinfo ENOTFOUND smtp.gmail.com
2025-01-18T09:19:34.317Z [error]: Error sending email: getaddrinfo ENOTFOUND smtp.gmail.com
2025-01-18T09:19:34.321Z [error]: Error sending email: getaddrinfo ENOTFOUND smtp.gmail.com
2025-01-18T09:19:34.327Z [error]: Error sending email: getaddrinfo ENOTFOUND smtp.gmail.com
2025-01-18T09:19:34.345Z [error]: Error sending email: getaddrinfo ENOTFOUND smtp.gmail.com
2025-01-18T09:19:34.349Z [error]: Error sending email: getaddrinfo ENOTFOUND smtp.gmail.com
2025-01-18T09:19:34.353Z [error]: Error sending email: getaddrinfo ENOTFOUND smtp.gmail.com
2025-01-18T09:19:34.357Z [error]: Error sending email: getaddrinfo ENOTFOUND smtp.gmail.com
2025-01-18T09:19:34.361Z [error]: Error sending email: getaddrinfo ENOTFOUND smtp.gmail.com
2025-01-18T09:19:34.365Z [error]: Error sending email: getaddrinfo ENOTFOUND smtp.gmail.com
2025-01-18T09:19:34.377Z [error]: Error sending email: getaddrinfo ENOTFOUND smtp.gmail.com
2025-01-18T09:19:34.381Z [error]: Error sending email: getaddrinfo ENOTFOUND smtp.gmail.com
2025-01-18T09:19:34.385Z [error]: Error sending email: getaddrinfo ENOTFOUND smtp.gmail.com
2025-01-18T09:19:34.388Z [error]: Error sending email: getaddrinfo ENOTFOUND smtp.gmail.com
2025-01-18T09:19:34.391Z [error]: Error sending email: getaddrinfo ENOTFOUND smtp.gmail.com
2025-01-18T09:19:34.395Z [error]: Error sending email: getaddrinfo ENOTFOUND smtp.gmail.com
2025-01-18T09:19:34.399Z [error]: Error sending email: getaddrinfo ENOTFOUND smtp.gmail.com
2025-01-18T09:19:34.403Z [error]: Error sending email: getaddrinfo ENOTFOUND smtp.gmail.com
2025-01-18T09:19:34.407Z [error]: Error sending email: getaddrinfo ENOTFOUND smtp.gmail.com
2025-01-18T09:19:34.410Z [error]: Error sending email: getaddrinfo ENOTFOUND smtp.gmail.com
2025-01-18T09:19:34.415Z [error]: Error sending email: getaddrinfo ENOTFOUND smtp.gmail.com
2025-01-18T09:19:34.420Z [error]: Error sending email: getaddrinfo ENOTFOUND smtp.gmail.com
2025-01-18T09:19:34.424Z [error]: Error sending email: getaddrinfo ENOTFOUND smtp.gmail.com
2025-01-18T09:19:34.428Z [error]: Error sending email: getaddrinfo ENOTFOUND smtp.gmail.com
2025-01-18T09:19:34.431Z [error]: Error sending email: getaddrinfo ENOTFOUND smtp.gmail.com
2025-01-18T09:19:34.435Z [error]: Error sending email: getaddrinfo ENOTFOUND smtp.gmail.com
2025-01-18T09:19:34.438Z [error]: Error sending email: getaddrinfo ENOTFOUND smtp.gmail.com
2025-01-18T09:19:34.441Z [error]: Error sending email: getaddrinfo ENOTFOUND smtp.gmail.com
2025-01-18T09:19:34.449Z [error]: Error sending email: getaddrinfo ENOTFOUND smtp.gmail.com
2025-01-18T09:19:34.451Z [error]: Error sending email: getaddrinfo ENOTFOUND smtp.gmail.com
2025-01-18T09:19:34.454Z [error]: Error sending email: getaddrinfo ENOTFOUND smtp.gmail.com
2025-01-18T09:19:34.457Z [error]: Error sending email: getaddrinfo ENOTFOUND smtp.gmail.com
2025-01-18T09:19:34.460Z [error]: Error sending email: getaddrinfo ENOTFOUND smtp.gmail.com
2025-01-18T09:19:34.463Z [error]: Error sending email: getaddrinfo ENOTFOUND smtp.gmail.com
2025-01-18T09:19:34.465Z [error]: Error sending email: getaddrinfo ENOTFOUND smtp.gmail.com
2025-01-18T09:19:34.468Z [error]: Error sending email: getaddrinfo ENOTFOUND smtp.gmail.com
2025-01-18T09:19:34.472Z [error]: Error sending email: getaddrinfo ENOTFOUND smtp.gmail.com
2025-01-18T09:19:34.475Z [error]: Error sending email: getaddrinfo ENOTFOUND smtp.gmail.com
2025-01-18T09:19:34.477Z [error]: Error sending email: getaddrinfo ENOTFOUND smtp.gmail.com
2025-01-18T09:19:34.480Z [error]: Error sending email: getaddrinfo ENOTFOUND smtp.gmail.com
2025-01-18T09:19:34.489Z [error]: Error sending email: getaddrinfo ENOTFOUND smtp.gmail.com
2025-01-18T09:19:34.492Z [error]: Error sending email: getaddrinfo ENOTFOUND smtp.gmail.com
2025-01-18T09:19:34.496Z [error]: Error sending email: getaddrinfo ENOTFOUND smtp.gmail.com
2025-01-18T09:19:34.499Z [error]: Error sending email: getaddrinfo ENOTFOUND smtp.gmail.com
2025-01-18T09:19:34.503Z [error]: Error sending email: getaddrinfo ENOTFOUND smtp.gmail.com
2025-01-18T09:19:34.506Z [error]: Error sending email: getaddrinfo ENOTFOUND smtp.gmail.com
2025-01-18T09:19:34.510Z [error]: Error sending email: getaddrinfo ENOTFOUND smtp.gmail.com
2025-01-18T09:19:34.513Z [error]: Error sending email: getaddrinfo ENOTFOUND smtp.gmail.com
2025-01-18T09:19:34.517Z [error]: Error sending email: getaddrinfo ENOTFOUND smtp.gmail.com
2025-01-18T09:19:34.520Z [error]: Error sending email: getaddrinfo ENOTFOUND smtp.gmail.com
2025-01-18T09:19:34.523Z [error]: Error sending email: getaddrinfo ENOTFOUND smtp.gmail.com
2025-01-18T09:19:34.525Z [error]: Error sending email: getaddrinfo ENOTFOUND smtp.gmail.com
2025-01-18T09:19:34.528Z [error]: Error sending email: getaddrinfo ENOTFOUND smtp.gmail.com
2025-01-18T09:19:34.531Z [error]: Error sending email: getaddrinfo ENOTFOUND smtp.gmail.com
2025-01-18T09:19:34.534Z [error]: Error sending email: getaddrinfo ENOTFOUND smtp.gmail.com
2025-01-18T09:19:34.537Z [error]: Error sending email: getaddrinfo ENOTFOUND smtp.gmail.com
2025-01-18T09:19:34.540Z [error]: Error sending email: getaddrinfo ENOTFOUND smtp.gmail.com
2025-01-18T09:19:34.543Z [error]: Error sending email: getaddrinfo ENOTFOUND smtp.gmail.com
2025-01-18T09:19:34.547Z [error]: Error sending email: getaddrinfo ENOTFOUND smtp.gmail.com
2025-01-18T09:19:34.551Z [error]: Error sending email: getaddrinfo ENOTFOUND smtp.gmail.com
2025-01-18T09:19:34.555Z [error]: Error sending email: getaddrinfo ENOTFOUND smtp.gmail.com
2025-01-18T09:19:34.558Z [error]: Error sending email: getaddrinfo ENOTFOUND smtp.gmail.com
2025-01-18T09:19:34.562Z [error]: Error sending email: getaddrinfo ENOTFOUND smtp.gmail.com
2025-01-18T09:19:34.565Z [error]: Error sending email: getaddrinfo ENOTFOUND smtp.gmail.com
2025-01-18T09:19:34.569Z [error]: Error sending email: getaddrinfo ENOTFOUND smtp.gmail.com
2025-01-18T09:19:34.572Z [error]: Error sending email: getaddrinfo ENOTFOUND smtp.gmail.com
2025-01-18T09:19:34.577Z [error]: Error sending email: getaddrinfo ENOTFOUND smtp.gmail.com
2025-01-18T09:19:34.580Z [error]: Error sending email: getaddrinfo ENOTFOUND smtp.gmail.com
2025-01-18T09:19:34.583Z [error]: Error sending email: getaddrinfo ENOTFOUND smtp.gmail.com
2025-01-18T09:19:34.587Z [error]: Error sending email: getaddrinfo ENOTFOUND smtp.gmail.com
2025-01-18T09:19:34.590Z [error]: Error sending email: getaddrinfo ENOTFOUND smtp.gmail.com
2025-01-18T09:19:34.593Z [error]: Error sending email: getaddrinfo ENOTFOUND smtp.gmail.com
2025-01-18T09:19:34.595Z [error]: Error sending email: getaddrinfo ENOTFOUND smtp.gmail.com
2025-01-18T09:19:34.598Z [error]: Error sending email: getaddrinfo ENOTFOUND smtp.gmail.com
2025-01-18T09:19:34.601Z [error]: Error sending email: getaddrinfo ENOTFOUND smtp.gmail.com
2025-01-18T09:19:34.603Z [error]: Error sending email: getaddrinfo ENOTFOUND smtp.gmail.com
2025-01-18T09:19:34.606Z [error]: Error sending email: getaddrinfo ENOTFOUND smtp.gmail.com
2025-01-18T09:19:34.608Z [error]: Error sending email: getaddrinfo ENOTFOUND smtp.gmail.com
2025-01-18T09:19:34.611Z [error]: Error sending email: getaddrinfo ENOTFOUND smtp.gmail.com
2025-01-18T09:19:34.614Z [error]: Error sending email: getaddrinfo ENOTFOUND smtp.gmail.com
2025-01-18T09:19:34.617Z [error]: Error sending email: getaddrinfo ENOTFOUND smtp.gmail.com
2025-01-18T09:19:34.619Z [error]: Error sending email: getaddrinfo ENOTFOUND smtp.gmail.com
2025-01-18T09:19:34.622Z [error]: Error sending email: getaddrinfo ENOTFOUND smtp.gmail.com
2025-01-18T09:19:34.625Z [error]: Error sending email: getaddrinfo ENOTFOUND smtp.gmail.com
2025-01-18T09:19:34.627Z [error]: Error sending email: getaddrinfo ENOTFOUND smtp.gmail.com
2025-01-18T09:19:34.634Z [error]: Error sending email: getaddrinfo ENOTFOUND smtp.gmail.com
2025-01-18T09:19:34.637Z [error]: Error sending email: getaddrinfo ENOTFOUND smtp.gmail.com
2025-01-18T09:19:34.639Z [error]: Error sending email: getaddrinfo ENOTFOUND smtp.gmail.com
2025-01-18T09:19:34.642Z [error]: Error sending email: getaddrinfo ENOTFOUND smtp.gmail.com
2025-01-18T09:19:34.645Z [error]: Error sending email: getaddrinfo ENOTFOUND smtp.gmail.com
2025-01-18T09:19:34.649Z [error]: Error sending email: getaddrinfo ENOTFOUND smtp.gmail.com
2025-01-18T09:19:34.651Z [error]: Error sending email: getaddrinfo ENOTFOUND smtp.gmail.com
2025-01-18T09:19:34.655Z [error]: Error sending email: getaddrinfo ENOTFOUND smtp.gmail.com
2025-01-18T09:19:34.658Z [error]: Error sending email: getaddrinfo ENOTFOUND smtp.gmail.com
2025-01-18T09:19:34.660Z [error]: Error sending email: getaddrinfo ENOTFOUND smtp.gmail.com
2025-01-18T09:19:34.664Z [error]: Error sending email: getaddrinfo ENOTFOUND smtp.gmail.com
2025-01-18T09:19:34.666Z [error]: Error sending email: getaddrinfo ENOTFOUND smtp.gmail.com
2025-01-18T09:19:34.669Z [error]: Error sending email: getaddrinfo ENOTFOUND smtp.gmail.com
2025-01-18T09:19:34.672Z [error]: Error sending email: getaddrinfo ENOTFOUND smtp.gmail.com
2025-01-18T09:19:34.675Z [error]: Error sending email: getaddrinfo ENOTFOUND smtp.gmail.com
2025-01-18T09:19:34.680Z [error]: Error sending email: getaddrinfo ENOTFOUND smtp.gmail.com
2025-01-18T09:19:34.683Z [error]: Error sending email: getaddrinfo ENOTFOUND smtp.gmail.com
2025-01-18T09:19:34.686Z [error]: Error sending email: getaddrinfo ENOTFOUND smtp.gmail.com
2025-01-18T09:19:34.689Z [error]: Error sending email: getaddrinfo ENOTFOUND smtp.gmail.com
2025-01-18T09:19:34.691Z [error]: Error sending email: getaddrinfo ENOTFOUND smtp.gmail.com
2025-01-18T09:19:34.694Z [error]: Error sending email: getaddrinfo ENOTFOUND smtp.gmail.com
2025-01-18T09:19:34.696Z [error]: Error sending email: getaddrinfo ENOTFOUND smtp.gmail.com
2025-01-18T09:19:34.699Z [error]: Error sending email: getaddrinfo ENOTFOUND smtp.gmail.com
2025-01-18T09:19:34.702Z [error]: Error sending email: getaddrinfo ENOTFOUND smtp.gmail.com
2025-01-18T09:19:34.704Z [error]: Error sending email: getaddrinfo ENOTFOUND smtp.gmail.com
2025-01-18T09:19:34.707Z [error]: Error sending email: getaddrinfo ENOTFOUND smtp.gmail.com
2025-01-18T09:19:34.710Z [error]: Error sending email: getaddrinfo ENOTFOUND smtp.gmail.com
2025-01-18T09:19:34.715Z [error]: Error sending email: getaddrinfo ENOTFOUND smtp.gmail.com
2025-01-18T09:19:34.720Z [error]: Error sending email: getaddrinfo ENOTFOUND smtp.gmail.com
2025-01-18T09:19:34.733Z [error]: Error sending email: getaddrinfo ENOTFOUND smtp.gmail.com
2025-01-18T09:19:34.744Z [error]: Error sending email: getaddrinfo ENOTFOUND smtp.gmail.com
2025-01-18T09:19:34.756Z [error]: Error sending email: getaddrinfo ENOTFOUND smtp.gmail.com
2025-01-18T09:19:34.768Z [error]: Error sending email: getaddrinfo ENOTFOUND smtp.gmail.com
2025-01-18T09:19:34.773Z [error]: Error sending email: getaddrinfo ENOTFOUND smtp.gmail.com
2025-01-18T09:19:34.782Z [error]: Error sending email: getaddrinfo ENOTFOUND smtp.gmail.com
2025-01-18T09:19:34.803Z [error]: Error sending email: getaddrinfo ENOTFOUND smtp.gmail.com
2025-01-18T09:19:34.810Z [error]: Error sending email: getaddrinfo ENOTFOUND smtp.gmail.com
2025-01-18T09:19:34.814Z [error]: Error sending email: getaddrinfo ENOTFOUND smtp.gmail.com
2025-01-18T09:19:34.819Z [error]: Error sending email: getaddrinfo ENOTFOUND smtp.gmail.com
2025-01-18T09:19:34.826Z [error]: Error sending email: getaddrinfo ENOTFOUND smtp.gmail.com
2025-01-18T09:19:34.830Z [error]: Error sending email: getaddrinfo ENOTFOUND smtp.gmail.com
2025-01-18T09:19:34.834Z [error]: Error sending email: getaddrinfo ENOTFOUND smtp.gmail.com
2025-01-18T09:19:34.838Z [error]: Error sending email: getaddrinfo ENOTFOUND smtp.gmail.com
2025-01-18T09:19:34.842Z [error]: Error sending email: getaddrinfo ENOTFOUND smtp.gmail.com
2025-01-18T09:19:34.846Z [error]: Error sending email: getaddrinfo ENOTFOUND smtp.gmail.com
2025-01-18T09:19:34.852Z [error]: Error sending email: getaddrinfo ENOTFOUND smtp.gmail.com
2025-01-18T09:19:34.856Z [error]: Error sending email: getaddrinfo ENOTFOUND smtp.gmail.com
2025-01-18T09:19:34.863Z [error]: Error sending email: getaddrinfo ENOTFOUND smtp.gmail.com
2025-01-18T09:19:34.867Z [error]: Error sending email: getaddrinfo ENOTFOUND smtp.gmail.com
2025-01-18T09:19:34.872Z [error]: Error sending email: getaddrinfo ENOTFOUND smtp.gmail.com
2025-01-18T09:19:34.876Z [error]: Error sending email: getaddrinfo ENOTFOUND smtp.gmail.com
2025-01-18T09:19:34.880Z [error]: Error sending email: getaddrinfo ENOTFOUND smtp.gmail.com
2025-01-18T09:19:34.885Z [error]: Error sending email: getaddrinfo ENOTFOUND smtp.gmail.com
2025-01-18T09:19:34.890Z [error]: Error sending email: getaddrinfo ENOTFOUND smtp.gmail.com
2025-01-18T09:19:34.894Z [error]: Error sending email: getaddrinfo ENOTFOUND smtp.gmail.com
2025-01-18T09:19:34.898Z [error]: Error sending email: getaddrinfo ENOTFOUND smtp.gmail.com
2025-01-18T09:19:34.905Z [error]: Error sending email: getaddrinfo ENOTFOUND smtp.gmail.com
2025-01-18T09:19:34.910Z [error]: Error sending email: getaddrinfo ENOTFOUND smtp.gmail.com
2025-01-18T09:19:34.915Z [error]: Error sending email: getaddrinfo ENOTFOUND smtp.gmail.com
2025-01-18T09:19:34.921Z [error]: Error sending email: getaddrinfo ENOTFOUND smtp.gmail.com
2025-01-18T09:19:34.928Z [error]: Error sending email: getaddrinfo ENOTFOUND smtp.gmail.com
2025-01-18T09:19:34.940Z [error]: Error sending email: getaddrinfo ENOTFOUND smtp.gmail.com
2025-01-18T09:19:34.954Z [error]: Error sending email: getaddrinfo ENOTFOUND smtp.gmail.com
2025-01-18T09:19:34.958Z [error]: Error sending email: getaddrinfo ENOTFOUND smtp.gmail.com
2025-01-18T09:19:34.962Z [error]: Error sending email: getaddrinfo ENOTFOUND smtp.gmail.com
2025-01-18T09:19:40.081Z [info]: Email sent:
2025-01-18T09:25:17.752Z [info]: [37m[42mConnection established with ac-inopvru-shard-00-00.mm92f02.mongodb.net[49m[39m
2025-01-18T09:40:07.313Z [error]: read ETIMEDOUT
2025-01-18T09:40:09.990Z [info]: Email sent:
2025-01-18T09:50:04.538Z [info]: [37m[42mConnection established with ac-inopvru-shard-00-00.mm92f02.mongodb.net[49m[39m
2025-01-18T09:50:04.597Z [info]: Yearly collections created for all houses with paymentType "yearly"
2025-01-18T09:51:42.141Z [info]: [37m[42mConnection established with ac-inopvru-shard-00-02.mm92f02.mongodb.net[49m[39m
2025-01-18T09:51:42.576Z [error]: Error creating yearly collections: getLastCollectionReceiptNumber is not defined
2025-01-18T09:51:45.706Z [info]: Email sent:
2025-01-18T09:53:18.343Z [info]: [37m[42mConnection established with ac-inopvru-shard-00-02.mm92f02.mongodb.net[49m[39m
2025-01-18T09:53:24.079Z [info]: Yearly collections created for all houses with paymentType "yearly"
2025-01-18T14:07:17.353Z [info]: [37m[42mConnection established with ac-inopvru-shard-00-02.mm92f02.mongodb.net[49m[39m
2025-01-18T14:07:17.832Z [info]: Skipped Payyannur - Collection for 2025 already paid
2025-01-18T14:07:17.833Z [info]: Yearly collections created for all houses with paymentType "yearly"
2025-01-18T16:55:43.367Z [info]: [37m[42mConnection established with ac-inopvru-shard-00-02.mm92f02.mongodb.net[49m[39m
